warning: ignoring unsupported tag 'SHOW_TYPEDEF_SOURCE' at line 61, file /tmp/doxyfile.ULI9uy
warning: Tag 'HTML_TIMESTAMP' at line 110 of file '/tmp/doxyfile.ULI9uy' has become obsolete.
         To avoid this warning please remove this line from your configuration file or upgrade it using "doxygen -u"
warning: ignoring unsupported tag 'GENERATE_BUILDERS' at line 120, file /tmp/doxyfile.ULI9uy
warning: ignoring unsupported tag 'GENERATE_PDF' at line 131, file /tmp/doxyfile.ULI9uy
warning: Tag 'CLASS_DIAGRAMS' at line 133 of file '/tmp/doxyfile.ULI9uy' has become obsolete.
         To avoid this warning please remove this line from your configuration file or upgrade it using "doxygen -u"
warning: Tag 'MSCGEN_PATH' at line 134 of file '/tmp/doxyfile.ULI9uy' has become obsolete.
         To avoid this warning please remove this line from your configuration file or upgrade it using "doxygen -u"
warning: Tag 'DOT_FONTNAME' at line 139 of file '/tmp/doxyfile.ULI9uy' has become obsolete.
         To avoid this warning please remove this line from your configuration file or upgrade it using "doxygen -u"
warning: Tag 'DOT_FONTSIZE' at line 140 of file '/tmp/doxyfile.ULI9uy' has become obsolete.
         To avoid this warning please remove this line from your configuration file or upgrade it using "doxygen -u"
warning: Tag 'DOT_TRANSPARENT' at line 161 of file '/tmp/doxyfile.ULI9uy' has become obsolete.
         To avoid this warning please remove this line from your configuration file or upgrade it using "doxygen -u"
warning: ignoring unsupported tag 'FORMAT_STYLE' at line 166, file /tmp/doxyfile.ULI9uy
warning: ignoring unsupported tag 'KITWARE_CMAKE_GENERATOR' at line 168, file /tmp/doxyfile.ULI9uy
Doxygen version used: 1.10.0 (ebc57c6dd303a980bd19dd74b8b61c8f3f5180ca)
Searching for include files...
Searching for files in directory /home/runner/work/hf-general-ci-tools/hf-general-ci-tools/cpp-ci-test/include
Searching for example files...
Searching for images...
Searching for dot files...
Searching for msc files...
Searching for dia files...
Searching for files to exclude
Searching INPUT for files to process...
Searching for files in directory /home/runner/work/hf-general-ci-tools/hf-general-ci-tools/docs
Searching for files in directory /home/runner/work/hf-general-ci-tools/hf-general-ci-tools/docs/doxygen
Searching for files in directory /home/runner/work/hf-general-ci-tools/hf-general-ci-tools/cpp-ci-test
Searching for files in directory /home/runner/work/hf-general-ci-tools/hf-general-ci-tools/cpp-ci-test/include
Searching for files in directory /home/runner/work/hf-general-ci-tools/hf-general-ci-tools/cpp-ci-test/src
Reading and parsing tag files
Parsing files
Reading /home/runner/work/hf-general-ci-tools/hf-general-ci-tools/README.md...
Reading /home/runner/work/hf-general-ci-tools/hf-general-ci-tools/docs/c-cpp-lint-workflow.md...
Reading /home/runner/work/hf-general-ci-tools/hf-general-ci-tools/docs/c-cpp-static-analysis-workflow.md...
Reading /home/runner/work/hf-general-ci-tools/hf-general-ci-tools/docs/docs-link-check-workflow.md...
Reading /home/runner/work/hf-general-ci-tools/hf-general-ci-tools/docs/docs-workflow.md...
Reading /home/runner/work/hf-general-ci-tools/hf-general-ci-tools/docs/example-workflows.md...
Reading /home/runner/work/hf-general-ci-tools/hf-general-ci-tools/docs/guides.md...
Reading /home/runner/work/hf-general-ci-tools/hf-general-ci-tools/docs/index.md...
Reading /home/runner/work/hf-general-ci-tools/hf-general-ci-tools/docs/jekyll-guide.md...
Reading /home/runner/work/hf-general-ci-tools/hf-general-ci-tools/docs/versioning-guide.md...
Reading /home/runner/work/hf-general-ci-tools/hf-general-ci-tools/docs/workflows.md...
Reading /home/runner/work/hf-general-ci-tools/hf-general-ci-tools/docs/yamllint-workflow.md...
Preprocessing /home/runner/work/hf-general-ci-tools/hf-general-ci-tools/cpp-ci-test/include/geometry.h...
Parsing file /home/runner/work/hf-general-ci-tools/hf-general-ci-tools/cpp-ci-test/include/geometry.h...
Preprocessing /home/runner/work/hf-general-ci-tools/hf-general-ci-tools/cpp-ci-test/include/greeter.hpp...
Parsing file /home/runner/work/hf-general-ci-tools/hf-general-ci-tools/cpp-ci-test/include/greeter.hpp...
Reading /home/runner/work/hf-general-ci-tools/hf-general-ci-tools/cpp-ci-test/README.md...
Preprocessing /home/runner/work/hf-general-ci-tools/hf-general-ci-tools/cpp-ci-test/src/geometry.c...
Parsing file /home/runner/work/hf-general-ci-tools/hf-general-ci-tools/cpp-ci-test/src/geometry.c...
Preprocessing /home/runner/work/hf-general-ci-tools/hf-general-ci-tools/cpp-ci-test/src/greeter.cpp...
Parsing file /home/runner/work/hf-general-ci-tools/hf-general-ci-tools/cpp-ci-test/src/greeter.cpp...
Building macro definition list...
Building group list...
Building directory list...
Building namespace list...
Building file list...
Building class list...
Building concept list...
Computing nesting relations for classes...
Associating documentation with classes...
Associating documentation with concepts...
Associating documentation with modules...
Building example list...
Searching for enumerations...
Searching for documented typedefs...
Searching for members imported via using declarations...
Searching for included using directives...
Searching for documented variables...
Building interface member list...
Building member list...
Searching for friends...
Searching for documented defines...
Computing class inheritance relations...
Computing class usage relations...
Flushing cached template relations that have become invalid...
Computing class relations...
Add enum values to enums...
Searching for member function documentation...
Creating members for template instances...
Building page list...
Search for main page...
Computing page relations...
Determining the scope of groups...
Computing module relations...
Sorting lists...
Determining which enums are documented
Computing member relations...
Building full member lists recursively...
Adding members to member groups.
Distributing member group documentation.
Computing member references...
Inheriting documentation...
Generating disk names...
Adding source references...
Adding xrefitems...
Sorting member lists...
Setting anonymous enum type...
Computing dependencies between directories...
Generating citations page...
Counting members...
Counting data structures...
Resolving user defined references...
Finding anchors and sections in the documentation...
Transferring function references...
Combining using relations...
Adding members to index pages...
Correcting members for VHDL...
Computing tooltip texts...
Generating style sheet...
Generating search indices...
Generating example documentation...
Generating file sources...
Generating code for file geometry.h...
Generating code for file greeter.hpp...
Generating code for file geometry.c...
Generating code for file greeter.cpp...
Parsing code for file c-cpp-lint-workflow.md...
Parsing code for file c-cpp-static-analysis-workflow.md...
Parsing code for file docs-link-check-workflow.md...
Parsing code for file docs-workflow.md...
Parsing code for file example-workflows.md...
Parsing code for file guides.md...
Parsing code for file index.md...
Parsing code for file jekyll-guide.md...
Parsing code for file versioning-guide.md...
Parsing code for file workflows.md...
Parsing code for file yamllint-workflow.md...
Parsing code for file README.md...
Parsing code for file README.md...
Generating file documentation...
Generating docs for file geometry.h...
Generating docs for file greeter.hpp...
Generating docs for file geometry.c...
Generating docs for file greeter.cpp...
Generating page documentation...
Generating group documentation...
Generating class documentation...
Generating concept documentation...
Generating module documentation...
Generating namespace documentation...
Generating docs for compound ci_demo::Greeter...
Generating caller graph for function ci_demo::Greeter::salutation
Generating call graph for function ci_demo::Greeter::set_salutation
Generating graph info page...
Generating directory documentation...
Generating dependency graph for directory cpp-ci-test
Generating dependency graph for directory include
Generating dependency graph for directory src
Generating index page...
Generating main page...
Generating page index...
Generating topic index...
Generating module index...
Generating module member index...
Generating namespace index...
Generating namespace member index...
Generating concept index...
Generating annotated compound index...
Generating alphabetical compound index...
Generating hierarchical class index...
Generating graphical class hierarchy...
Generating member index...
Generating file index...
Generating file member index...
Generating example index...
finalizing index lists...
writing tag file...
Running plantuml with JAVA...
Running dot...
Generating dot graphs using 5 parallel threads...
Running dot for graph 1/12
Running dot for graph 2/12
Running dot for graph 3/12
Running dot for graph 4/12
Running dot for graph 5/12
Running dot for graph 6/12
Running dot for graph 7/12
Running dot for graph 8/12
Running dot for graph 9/12
Running dot for graph 10/12
Running dot for graph 11/12
Running dot for graph 12/12
Patching output file 1/20
Patching output file 2/20
Patching output file 3/20
Patching output file 4/20
Patching output file 5/20
Patching output file 6/20
Patching output file 7/20
Patching output file 8/20
Patching output file 9/20
Patching output file 10/20
Patching output file 11/20
Patching output file 12/20
Patching output file 13/20
Patching output file 14/20
Patching output file 15/20
Patching output file 16/20
Patching output file 17/20
Patching output file 18/20
Patching output file 19/20
Patching output file 20/20
type lookup cache used 76/65536 hits=608 misses=214
symbol lookup cache used 34/65536 hits=169 misses=34
finished...
