/home/runner/work/hf-general-ci-tools/hf-general-ci-tools/cpp-ci-test/README.md:1: warning: found more than one \mainpage comment block! (first occurrence: /home/runner/work/hf-general-ci-tools/hf-general-ci-tools/README.md, line 1), Skipping current block!
/home/runner/work/hf-general-ci-tools/hf-general-ci-tools/cpp-ci-test/src/geometry.c:11: warning: Member clamp_non_negative(double value) (function) of file geometry.c is not documented.
<clamp_non_negative>:1: warning: parameters of member clamp_non_negative are not documented
index:1: warning: expected whitespace after \{ command
/home/runner/work/hf-general-ci-tools/hf-general-ci-tools/README.md:1: warning: expected whitespace after \{ command
/home/runner/work/hf-general-ci-tools/hf-general-ci-tools/README.md:49: warning: unable to resolve reference to '-quick-start' for \ref command
/home/runner/work/hf-general-ci-tools/hf-general-ci-tools/README.md:50: warning: unable to resolve reference to '-quick-start' for \ref command
/home/runner/work/hf-general-ci-tools/hf-general-ci-tools/README.md:51: warning: unable to resolve reference to '-quick-start' for \ref command
/home/runner/work/hf-general-ci-tools/hf-general-ci-tools/README.md:52: warning: unable to resolve reference to '-quick-start' for \ref command
/home/runner/work/hf-general-ci-tools/hf-general-ci-tools/README.md:53: warning: unable to resolve reference to '-quick-start' for \ref command
/home/runner/work/hf-general-ci-tools/hf-general-ci-tools/README.md:77: warning: unable to resolve reference to '/home/runner/work/hf-general-ci-tools/hf-general-ci-tools/docs/index.md' for \ref command
/home/runner/work/hf-general-ci-tools/hf-general-ci-tools/README.md:78: warning: unable to resolve reference to 'docs/lint-workflow.md' for \ref command
/home/runner/work/hf-general-ci-tools/hf-general-ci-tools/README.md:79: warning: unable to resolve reference to 'docs/static-analysis-workflow.md' for \ref command
/home/runner/work/hf-general-ci-tools/hf-general-ci-tools/README.md:80: warning: unable to resolve reference to 'docs/docs-workflow.md' for \ref command
/home/runner/work/hf-general-ci-tools/hf-general-ci-tools/README.md:81: warning: unable to resolve reference to 'docs/link-check-workflow.md' for \ref command
/home/runner/work/hf-general-ci-tools/hf-general-ci-tools/README.md:82: warning: unable to resolve reference to 'docs/yamllint-workflow.md' for \ref command
/home/runner/work/hf-general-ci-tools/hf-general-ci-tools/README.md:83: warning: unable to resolve reference to 'docs/example-workflows.md' for \ref command
/home/runner/work/hf-general-ci-tools/hf-general-ci-tools/README.md:239: warning: unable to resolve reference to 'docs/configuration-examples.md' for \ref command
/home/runner/work/hf-general-ci-tools/hf-general-ci-tools/README.md:240: warning: unable to resolve reference to 'docs/example-workflows.md' for \ref command
/home/runner/work/hf-general-ci-tools/hf-general-ci-tools/README.md:254: warning: unable to resolve reference to '/home/runner/work/hf-general-ci-tools/hf-general-ci-tools/CONTRIBUTING.md' for \ref command
